<?xml version="1.0" encoding="UTF-8"?>
<!-- Generated by org.testng.reporters.JUnitReportReporter -->
<testsuite skipped="0" hostname="LAPTOP-MVOCB0EL" name="Practice.Ts" tests="3" failures="0" timestamp="2023-01-17T19:46:29 EST" time="0.013" errors="0">
  <testcase name="deleteContact" time="0.001" classname="Practice.Ts"/>
  <system-out/>
  <testcase name="createContact" time="0.011" classname="Practice.Ts"/>
  <system-out/>
  <testcase name="modifyContact" time="0.001" classname="Practice.Ts"/>
  <system-out/>
</testsuite> <!-- Practice.Ts -->
